<?xml version="1.0" encoding="UTF-8"?>
<testsuite xmlns:xsi="http://www.w3.org/2001/XMLSchema-instance" xsi:noNamespaceSchemaLocation="https://maven.apache.org/surefire/maven-surefire-plugin/xsd/surefire-test-report-3.0.xsd" version="3.0" name="TestSuite" time="14.453" tests="1" errors="0" skipped="0" failures="1">
  <properties>
    <property name="sun.desktop" value="windows"/>
    <property name="awt.toolkit" value="sun.awt.windows.WToolkit"/>
    <property name="java.specification.version" value="11"/>
    <property name="webdriver.chrome.driver" value="C:\Users\Lenovo\.cache\selenium\chromedriver\win32\114.0.5735.90\chromedriver.exe"/>
    <property name="sun.cpu.isalist" value="amd64"/>
    <property name="sun.jnu.encoding" value="Cp1252"/>
    <property name="java.class.path" value="C:\Users\Lenovo\eclipse-workspace\Maven9am\target\test-classes;C:\Users\Lenovo\eclipse-workspace\Maven9am\target\classes;C:\Users\Lenovo\.m2\repository\org\seleniumhq\selenium\selenium-java\4.8.1\selenium-java-4.8.1.jar;C:\Users\Lenovo\.m2\repository\org\seleniumhq\selenium\selenium-api\4.8.1\selenium-api-4.8.1.jar;C:\Users\Lenovo\.m2\repository\org\seleniumhq\selenium\selenium-chrome-driver\4.8.1\selenium-chrome-driver-4.8.1.jar;C:\Users\Lenovo\.m2\repository\com\google\auto\service\auto-service-annotations\1.0.1\auto-service-annotations-1.0.1.jar;C:\Users\Lenovo\.m2\repository\com\google\auto\service\auto-service\1.0.1\auto-service-1.0.1.jar;C:\Users\Lenovo\.m2\repository\com\google\auto\auto-common\1.2\auto-common-1.2.jar;C:\Users\Lenovo\.m2\repository\com\google\guava\guava\31.1-jre\guava-31.1-jre.jar;C:\Users\Lenovo\.m2\repository\com\google\guava\failureaccess\1.0.1\failureaccess-1.0.1.jar;C:\Users\Lenovo\.m2\repository\com\google\guava\listenablefuture\9999.0-empty-to-avoid-conflict-with-guava\listenablefuture-9999.0-empty-to-avoid-conflict-with-guava.jar;C:\Users\Lenovo\.m2\repository\com\google\code\findbugs\jsr305\3.0.2\jsr305-3.0.2.jar;C:\Users\Lenovo\.m2\repository\org\checkerframework\checker-qual\3.12.0\checker-qual-3.12.0.jar;C:\Users\Lenovo\.m2\repository\com\google\errorprone\error_prone_annotations\2.11.0\error_prone_annotations-2.11.0.jar;C:\Users\Lenovo\.m2\repository\com\google\j2objc\j2objc-annotations\1.3\j2objc-annotations-1.3.jar;C:\Users\Lenovo\.m2\repository\org\seleniumhq\selenium\selenium-chromium-driver\4.8.1\selenium-chromium-driver-4.8.1.jar;C:\Users\Lenovo\.m2\repository\org\seleniumhq\selenium\selenium-json\4.8.1\selenium-json-4.8.1.jar;C:\Users\Lenovo\.m2\repository\org\seleniumhq\selenium\selenium-devtools-v108\4.8.1\selenium-devtools-v108-4.8.1.jar;C:\Users\Lenovo\.m2\repository\org\seleniumhq\selenium\selenium-devtools-v109\4.8.1\selenium-devtools-v109-4.8.1.jar;C:\Users\Lenovo\.m2\repository\org\seleniumhq\selenium\selenium-devtools-v110\4.8.1\selenium-devtools-v110-4.8.1.jar;C:\Users\Lenovo\.m2\repository\org\seleniumhq\selenium\selenium-devtools-v85\4.8.1\selenium-devtools-v85-4.8.1.jar;C:\Users\Lenovo\.m2\repository\org\seleniumhq\selenium\selenium-edge-driver\4.8.1\selenium-edge-driver-4.8.1.jar;C:\Users\Lenovo\.m2\repository\org\seleniumhq\selenium\selenium-firefox-driver\4.8.1\selenium-firefox-driver-4.8.1.jar;C:\Users\Lenovo\.m2\repository\org\seleniumhq\selenium\selenium-http\4.8.1\selenium-http-4.8.1.jar;C:\Users\Lenovo\.m2\repository\dev\failsafe\failsafe\3.3.0\failsafe-3.3.0.jar;C:\Users\Lenovo\.m2\repository\org\seleniumhq\selenium\selenium-ie-driver\4.8.1\selenium-ie-driver-4.8.1.jar;C:\Users\Lenovo\.m2\repository\org\seleniumhq\selenium\selenium-remote-driver\4.8.1\selenium-remote-driver-4.8.1.jar;C:\Users\Lenovo\.m2\repository\io\netty\netty-buffer\4.1.87.Final\netty-buffer-4.1.87.Final.jar;C:\Users\Lenovo\.m2\repository\io\netty\netty-codec-http\4.1.87.Final\netty-codec-http-4.1.87.Final.jar;C:\Users\Lenovo\.m2\repository\io\netty\netty-codec\4.1.87.Final\netty-codec-4.1.87.Final.jar;C:\Users\Lenovo\.m2\repository\io\netty\netty-handler\4.1.87.Final\netty-handler-4.1.87.Final.jar;C:\Users\Lenovo\.m2\repository\io\netty\netty-common\4.1.87.Final\netty-common-4.1.87.Final.jar;C:\Users\Lenovo\.m2\repository\io\netty\netty-transport-classes-epoll\4.1.87.Final\netty-transport-classes-epoll-4.1.87.Final.jar;C:\Users\Lenovo\.m2\repository\io\netty\netty-transport-classes-kqueue\4.1.87.Final\netty-transport-classes-kqueue-4.1.87.Final.jar;C:\Users\Lenovo\.m2\repository\io\netty\netty-transport-native-epoll\4.1.87.Final\netty-transport-native-epoll-4.1.87.Final.jar;C:\Users\Lenovo\.m2\repository\io\netty\netty-transport-native-kqueue\4.1.87.Final\netty-transport-native-kqueue-4.1.87.Final.jar;C:\Users\Lenovo\.m2\repository\io\netty\netty-transport-native-unix-common\4.1.87.Final\netty-transport-native-unix-common-4.1.87.Final.jar;C:\Users\Lenovo\.m2\repository\io\netty\netty-transport\4.1.87.Final\netty-transport-4.1.87.Final.jar;C:\Users\Lenovo\.m2\repository\io\netty\netty-resolver\4.1.87.Final\netty-resolver-4.1.87.Final.jar;C:\Users\Lenovo\.m2\repository\io\opentelemetry\opentelemetry-api\1.22.0\opentelemetry-api-1.22.0.jar;C:\Users\Lenovo\.m2\repository\io\opentelemetry\opentelemetry-context\1.22.0\opentelemetry-context-1.22.0.jar;C:\Users\Lenovo\.m2\repository\io\opentelemetry\opentelemetry-exporter-logging\1.22.0\opentelemetry-exporter-logging-1.22.0.jar;C:\Users\Lenovo\.m2\repository\io\opentelemetry\opentelemetry-sdk-metrics\1.22.0\opentelemetry-sdk-metrics-1.22.0.jar;C:\Users\Lenovo\.m2\repository\io\opentelemetry\opentelemetry-sdk-logs\1.22.0-alpha\opentelemetry-sdk-logs-1.22.0-alpha.jar;C:\Users\Lenovo\.m2\repository\io\opentelemetry\opentelemetry-api-logs\1.22.0-alpha\opentelemetry-api-logs-1.22.0-alpha.jar;C:\Users\Lenovo\.m2\repository\io\opentelemetry\opentelemetry-sdk-common\1.22.0\opentelemetry-sdk-common-1.22.0.jar;C:\Users\Lenovo\.m2\repository\io\opentelemetry\opentelemetry-sdk-extension-autoconfigure-spi\1.22.0\opentelemetry-sdk-extension-autoconfigure-spi-1.22.0.jar;C:\Users\Lenovo\.m2\repository\io\opentelemetry\opentelemetry-sdk-extension-autoconfigure\1.22.0-alpha\opentelemetry-sdk-extension-autoconfigure-1.22.0-alpha.jar;C:\Users\Lenovo\.m2\repository\io\opentelemetry\opentelemetry-sdk-trace\1.22.0\opentelemetry-sdk-trace-1.22.0.jar;C:\Users\Lenovo\.m2\repository\io\opentelemetry\opentelemetry-sdk\1.22.0\opentelemetry-sdk-1.22.0.jar;C:\Users\Lenovo\.m2\repository\io\opentelemetry\opentelemetry-semconv\1.22.0-alpha\opentelemetry-semconv-1.22.0-alpha.jar;C:\Users\Lenovo\.m2\repository\io\ous\jtoml\2.0.0\jtoml-2.0.0.jar;C:\Users\Lenovo\.m2\repository\net\bytebuddy\byte-buddy\1.12.22\byte-buddy-1.12.22.jar;C:\Users\Lenovo\.m2\repository\org\apache\commons\commons-exec\1.3\commons-exec-1.3.jar;C:\Users\Lenovo\.m2\repository\org\asynchttpclient\async-http-client\2.12.3\async-http-client-2.12.3.jar;C:\Users\Lenovo\.m2\repository\org\asynchttpclient\async-http-client-netty-utils\2.12.3\async-http-client-netty-utils-2.12.3.jar;C:\Users\Lenovo\.m2\repository\io\netty\netty-codec-socks\4.1.60.Final\netty-codec-socks-4.1.60.Final.jar;C:\Users\Lenovo\.m2\repository\io\netty\netty-handler-proxy\4.1.60.Final\netty-handler-proxy-4.1.60.Final.jar;C:\Users\Lenovo\.m2\repository\io\netty\netty-transport-native-epoll\4.1.60.Final\netty-transport-native-epoll-4.1.60.Final-linux-x86_64.jar;C:\Users\Lenovo\.m2\repository\io\netty\netty-transport-native-kqueue\4.1.60.Final\netty-transport-native-kqueue-4.1.60.Final-osx-x86_64.jar;C:\Users\Lenovo\.m2\repository\org\reactivestreams\reactive-streams\1.0.3\reactive-streams-1.0.3.jar;C:\Users\Lenovo\.m2\repository\com\typesafe\netty\netty-reactive-streams\2.0.4\netty-reactive-streams-2.0.4.jar;C:\Users\Lenovo\.m2\repository\com\sun\activation\jakarta.activation\1.2.2\jakarta.activation-1.2.2.jar;C:\Users\Lenovo\.m2\repository\org\seleniumhq\selenium\selenium-manager\4.8.1\selenium-manager-4.8.1.jar;C:\Users\Lenovo\.m2\repository\org\seleniumhq\selenium\selenium-safari-driver\4.8.1\selenium-safari-driver-4.8.1.jar;C:\Users\Lenovo\.m2\repository\org\seleniumhq\selenium\selenium-support\4.8.1\selenium-support-4.8.1.jar;C:\Users\Lenovo\.m2\repository\io\github\bonigarcia\webdrivermanager\5.3.3\webdrivermanager-5.3.3.jar;C:\Users\Lenovo\.m2\repository\org\slf4j\slf4j-api\2.0.7\slf4j-api-2.0.7.jar;C:\Users\Lenovo\.m2\repository\com\google\code\gson\gson\2.10.1\gson-2.10.1.jar;C:\Users\Lenovo\.m2\repository\com\github\docker-java\docker-java\3.3.0\docker-java-3.3.0.jar;C:\Users\Lenovo\.m2\repository\com\github\docker-java\docker-java-core\3.3.0\docker-java-core-3.3.0.jar;C:\Users\Lenovo\.m2\repository\com\github\docker-java\docker-java-api\3.3.0\docker-java-api-3.3.0.jar;C:\Users\Lenovo\.m2\repository\com\fasterxml\jackson\core\jackson-annotations\2.10.3\jackson-annotations-2.10.3.jar;C:\Users\Lenovo\.m2\repository\commons-io\commons-io\2.6\commons-io-2.6.jar;C:\Users\Lenovo\.m2\repository\org\apache\commons\commons-compress\1.21\commons-compress-1.21.jar;C:\Users\Lenovo\.m2\repository\com\fasterxml\jackson\core\jackson-databind\2.10.3\jackson-databind-2.10.3.jar;C:\Users\Lenovo\.m2\repository\com\fasterxml\jackson\core\jackson-core\2.10.3\jackson-core-2.10.3.jar;C:\Users\Lenovo\.m2\repository\org\bouncycastle\bcpkix-jdk15on\1.64\bcpkix-jdk15on-1.64.jar;C:\Users\Lenovo\.m2\repository\org\bouncycastle\bcprov-jdk15on\1.64\bcprov-jdk15on-1.64.jar;C:\Users\Lenovo\.m2\repository\org\slf4j\jcl-over-slf4j\1.7.30\jcl-over-slf4j-1.7.30.jar;C:\Users\Lenovo\.m2\repository\com\github\docker-java\docker-java-transport-httpclient5\3.3.0\docker-java-transport-httpclient5-3.3.0.jar;C:\Users\Lenovo\.m2\repository\com\github\docker-java\docker-java-transport\3.3.0\docker-java-transport-3.3.0.jar;C:\Users\Lenovo\.m2\repository\net\java\dev\jna\jna\5.12.1\jna-5.12.1.jar;C:\Users\Lenovo\.m2\repository\org\brotli\dec\0.1.2\dec-0.1.2.jar;C:\Users\Lenovo\.m2\repository\org\apache\commons\commons-lang3\3.12.0\commons-lang3-3.12.0.jar;C:\Users\Lenovo\.m2\repository\org\apache\httpcomponents\client5\httpclient5\5.2.1\httpclient5-5.2.1.jar;C:\Users\Lenovo\.m2\repository\org\apache\httpcomponents\core5\httpcore5\5.2\httpcore5-5.2.jar;C:\Users\Lenovo\.m2\repository\org\apache\httpcomponents\core5\httpcore5-h2\5.2\httpcore5-h2-5.2.jar;C:\Users\Lenovo\.m2\repository\junit\junit\4.13.2\junit-4.13.2.jar;C:\Users\Lenovo\.m2\repository\org\hamcrest\hamcrest-core\1.3\hamcrest-core-1.3.jar;C:\Users\Lenovo\.m2\repository\org\testng\testng\7.7.1\testng-7.7.1.jar;C:\Users\Lenovo\.m2\repository\org\webjars\jquery\3.6.1\jquery-3.6.1.jar;C:\Users\Lenovo\.m2\repository\com\beust\jcommander\1.82\jcommander-1.82.jar;"/>
    <property name="java.vm.vendor" value="Oracle Corporation"/>
    <property name="sun.arch.data.model" value="64"/>
    <property name="user.variant" value=""/>
    <property name="java.vendor.url" value="https://openjdk.java.net/"/>
    <property name="user.timezone" value="Asia/Calcutta"/>
    <property name="java.vm.specification.version" value="11"/>
    <property name="os.name" value="Windows 10"/>
    <property name="sun.java.launcher" value="SUN_STANDARD"/>
    <property name="user.country" value="IN"/>
    <property name="sun.boot.library.path" value="C:\Program Files\Java\jdk-11.0.16.1\bin"/>
    <property name="sun.java.command" value="C:\Users\Lenovo\AppData\Local\Temp\surefire9671714766940313114\surefirebooter-20230627192401760_3.jar C:\Users\Lenovo\AppData\Local\Temp\surefire9671714766940313114 2023-06-27T19-24-01_356-jvmRun1 surefire-20230627192401760_1tmp surefire_0-20230627192401760_2tmp"/>
    <property name="jdk.debug" value="release"/>
    <property name="surefire.test.class.path" value="C:\Users\Lenovo\eclipse-workspace\Maven9am\target\test-classes;C:\Users\Lenovo\eclipse-workspace\Maven9am\target\classes;C:\Users\Lenovo\.m2\repository\org\seleniumhq\selenium\selenium-java\4.8.1\selenium-java-4.8.1.jar;C:\Users\Lenovo\.m2\repository\org\seleniumhq\selenium\selenium-api\4.8.1\selenium-api-4.8.1.jar;C:\Users\Lenovo\.m2\repository\org\seleniumhq\selenium\selenium-chrome-driver\4.8.1\selenium-chrome-driver-4.8.1.jar;C:\Users\Lenovo\.m2\repository\com\google\auto\service\auto-service-annotations\1.0.1\auto-service-annotations-1.0.1.jar;C:\Users\Lenovo\.m2\repository\com\google\auto\service\auto-service\1.0.1\auto-service-1.0.1.jar;C:\Users\Lenovo\.m2\repository\com\google\auto\auto-common\1.2\auto-common-1.2.jar;C:\Users\Lenovo\.m2\repository\com\google\guava\guava\31.1-jre\guava-31.1-jre.jar;C:\Users\Lenovo\.m2\repository\com\google\guava\failureaccess\1.0.1\failureaccess-1.0.1.jar;C:\Users\Lenovo\.m2\repository\com\google\guava\listenablefuture\9999.0-empty-to-avoid-conflict-with-guava\listenablefuture-9999.0-empty-to-avoid-conflict-with-guava.jar;C:\Users\Lenovo\.m2\repository\com\google\code\findbugs\jsr305\3.0.2\jsr305-3.0.2.jar;C:\Users\Lenovo\.m2\repository\org\checkerframework\checker-qual\3.12.0\checker-qual-3.12.0.jar;C:\Users\Lenovo\.m2\repository\com\google\errorprone\error_prone_annotations\2.11.0\error_prone_annotations-2.11.0.jar;C:\Users\Lenovo\.m2\repository\com\google\j2objc\j2objc-annotations\1.3\j2objc-annotations-1.3.jar;C:\Users\Lenovo\.m2\repository\org\seleniumhq\selenium\selenium-chromium-driver\4.8.1\selenium-chromium-driver-4.8.1.jar;C:\Users\Lenovo\.m2\repository\org\seleniumhq\selenium\selenium-json\4.8.1\selenium-json-4.8.1.jar;C:\Users\Lenovo\.m2\repository\org\seleniumhq\selenium\selenium-devtools-v108\4.8.1\selenium-devtools-v108-4.8.1.jar;C:\Users\Lenovo\.m2\repository\org\seleniumhq\selenium\selenium-devtools-v109\4.8.1\selenium-devtools-v109-4.8.1.jar;C:\Users\Lenovo\.m2\repository\org\seleniumhq\selenium\selenium-devtools-v110\4.8.1\selenium-devtools-v110-4.8.1.jar;C:\Users\Lenovo\.m2\repository\org\seleniumhq\selenium\selenium-devtools-v85\4.8.1\selenium-devtools-v85-4.8.1.jar;C:\Users\Lenovo\.m2\repository\org\seleniumhq\selenium\selenium-edge-driver\4.8.1\selenium-edge-driver-4.8.1.jar;C:\Users\Lenovo\.m2\repository\org\seleniumhq\selenium\selenium-firefox-driver\4.8.1\selenium-firefox-driver-4.8.1.jar;C:\Users\Lenovo\.m2\repository\org\seleniumhq\selenium\selenium-http\4.8.1\selenium-http-4.8.1.jar;C:\Users\Lenovo\.m2\repository\dev\failsafe\failsafe\3.3.0\failsafe-3.3.0.jar;C:\Users\Lenovo\.m2\repository\org\seleniumhq\selenium\selenium-ie-driver\4.8.1\selenium-ie-driver-4.8.1.jar;C:\Users\Lenovo\.m2\repository\org\seleniumhq\selenium\selenium-remote-driver\4.8.1\selenium-remote-driver-4.8.1.jar;C:\Users\Lenovo\.m2\repository\io\netty\netty-buffer\4.1.87.Final\netty-buffer-4.1.87.Final.jar;C:\Users\Lenovo\.m2\repository\io\netty\netty-codec-http\4.1.87.Final\netty-codec-http-4.1.87.Final.jar;C:\Users\Lenovo\.m2\repository\io\netty\netty-codec\4.1.87.Final\netty-codec-4.1.87.Final.jar;C:\Users\Lenovo\.m2\repository\io\netty\netty-handler\4.1.87.Final\netty-handler-4.1.87.Final.jar;C:\Users\Lenovo\.m2\repository\io\netty\netty-common\4.1.87.Final\netty-common-4.1.87.Final.jar;C:\Users\Lenovo\.m2\repository\io\netty\netty-transport-classes-epoll\4.1.87.Final\netty-transport-classes-epoll-4.1.87.Final.jar;C:\Users\Lenovo\.m2\repository\io\netty\netty-transport-classes-kqueue\4.1.87.Final\netty-transport-classes-kqueue-4.1.87.Final.jar;C:\Users\Lenovo\.m2\repository\io\netty\netty-transport-native-epoll\4.1.87.Final\netty-transport-native-epoll-4.1.87.Final.jar;C:\Users\Lenovo\.m2\repository\io\netty\netty-transport-native-kqueue\4.1.87.Final\netty-transport-native-kqueue-4.1.87.Final.jar;C:\Users\Lenovo\.m2\repository\io\netty\netty-transport-native-unix-common\4.1.87.Final\netty-transport-native-unix-common-4.1.87.Final.jar;C:\Users\Lenovo\.m2\repository\io\netty\netty-transport\4.1.87.Final\netty-transport-4.1.87.Final.jar;C:\Users\Lenovo\.m2\repository\io\netty\netty-resolver\4.1.87.Final\netty-resolver-4.1.87.Final.jar;C:\Users\Lenovo\.m2\repository\io\opentelemetry\opentelemetry-api\1.22.0\opentelemetry-api-1.22.0.jar;C:\Users\Lenovo\.m2\repository\io\opentelemetry\opentelemetry-context\1.22.0\opentelemetry-context-1.22.0.jar;C:\Users\Lenovo\.m2\repository\io\opentelemetry\opentelemetry-exporter-logging\1.22.0\opentelemetry-exporter-logging-1.22.0.jar;C:\Users\Lenovo\.m2\repository\io\opentelemetry\opentelemetry-sdk-metrics\1.22.0\opentelemetry-sdk-metrics-1.22.0.jar;C:\Users\Lenovo\.m2\repository\io\opentelemetry\opentelemetry-sdk-logs\1.22.0-alpha\opentelemetry-sdk-logs-1.22.0-alpha.jar;C:\Users\Lenovo\.m2\repository\io\opentelemetry\opentelemetry-api-logs\1.22.0-alpha\opentelemetry-api-logs-1.22.0-alpha.jar;C:\Users\Lenovo\.m2\repository\io\opentelemetry\opentelemetry-sdk-common\1.22.0\opentelemetry-sdk-common-1.22.0.jar;C:\Users\Lenovo\.m2\repository\io\opentelemetry\opentelemetry-sdk-extension-autoconfigure-spi\1.22.0\opentelemetry-sdk-extension-autoconfigure-spi-1.22.0.jar;C:\Users\Lenovo\.m2\repository\io\opentelemetry\opentelemetry-sdk-extension-autoconfigure\1.22.0-alpha\opentelemetry-sdk-extension-autoconfigure-1.22.0-alpha.jar;C:\Users\Lenovo\.m2\repository\io\opentelemetry\opentelemetry-sdk-trace\1.22.0\opentelemetry-sdk-trace-1.22.0.jar;C:\Users\Lenovo\.m2\repository\io\opentelemetry\opentelemetry-sdk\1.22.0\opentelemetry-sdk-1.22.0.jar;C:\Users\Lenovo\.m2\repository\io\opentelemetry\opentelemetry-semconv\1.22.0-alpha\opentelemetry-semconv-1.22.0-alpha.jar;C:\Users\Lenovo\.m2\repository\io\ous\jtoml\2.0.0\jtoml-2.0.0.jar;C:\Users\Lenovo\.m2\repository\net\bytebuddy\byte-buddy\1.12.22\byte-buddy-1.12.22.jar;C:\Users\Lenovo\.m2\repository\org\apache\commons\commons-exec\1.3\commons-exec-1.3.jar;C:\Users\Lenovo\.m2\repository\org\asynchttpclient\async-http-client\2.12.3\async-http-client-2.12.3.jar;C:\Users\Lenovo\.m2\repository\org\asynchttpclient\async-http-client-netty-utils\2.12.3\async-http-client-netty-utils-2.12.3.jar;C:\Users\Lenovo\.m2\repository\io\netty\netty-codec-socks\4.1.60.Final\netty-codec-socks-4.1.60.Final.jar;C:\Users\Lenovo\.m2\repository\io\netty\netty-handler-proxy\4.1.60.Final\netty-handler-proxy-4.1.60.Final.jar;C:\Users\Lenovo\.m2\repository\io\netty\netty-transport-native-epoll\4.1.60.Final\netty-transport-native-epoll-4.1.60.Final-linux-x86_64.jar;C:\Users\Lenovo\.m2\repository\io\netty\netty-transport-native-kqueue\4.1.60.Final\netty-transport-native-kqueue-4.1.60.Final-osx-x86_64.jar;C:\Users\Lenovo\.m2\repository\org\reactivestreams\reactive-streams\1.0.3\reactive-streams-1.0.3.jar;C:\Users\Lenovo\.m2\repository\com\typesafe\netty\netty-reactive-streams\2.0.4\netty-reactive-streams-2.0.4.jar;C:\Users\Lenovo\.m2\repository\com\sun\activation\jakarta.activation\1.2.2\jakarta.activation-1.2.2.jar;C:\Users\Lenovo\.m2\repository\org\seleniumhq\selenium\selenium-manager\4.8.1\selenium-manager-4.8.1.jar;C:\Users\Lenovo\.m2\repository\org\seleniumhq\selenium\selenium-safari-driver\4.8.1\selenium-safari-driver-4.8.1.jar;C:\Users\Lenovo\.m2\repository\org\seleniumhq\selenium\selenium-support\4.8.1\selenium-support-4.8.1.jar;C:\Users\Lenovo\.m2\repository\io\github\bonigarcia\webdrivermanager\5.3.3\webdrivermanager-5.3.3.jar;C:\Users\Lenovo\.m2\repository\org\slf4j\slf4j-api\2.0.7\slf4j-api-2.0.7.jar;C:\Users\Lenovo\.m2\repository\com\google\code\gson\gson\2.10.1\gson-2.10.1.jar;C:\Users\Lenovo\.m2\repository\com\github\docker-java\docker-java\3.3.0\docker-java-3.3.0.jar;C:\Users\Lenovo\.m2\repository\com\github\docker-java\docker-java-core\3.3.0\docker-java-core-3.3.0.jar;C:\Users\Lenovo\.m2\repository\com\github\docker-java\docker-java-api\3.3.0\docker-java-api-3.3.0.jar;C:\Users\Lenovo\.m2\repository\com\fasterxml\jackson\core\jackson-annotations\2.10.3\jackson-annotations-2.10.3.jar;C:\Users\Lenovo\.m2\repository\commons-io\commons-io\2.6\commons-io-2.6.jar;C:\Users\Lenovo\.m2\repository\org\apache\commons\commons-compress\1.21\commons-compress-1.21.jar;C:\Users\Lenovo\.m2\repository\com\fasterxml\jackson\core\jackson-databind\2.10.3\jackson-databind-2.10.3.jar;C:\Users\Lenovo\.m2\repository\com\fasterxml\jackson\core\jackson-core\2.10.3\jackson-core-2.10.3.jar;C:\Users\Lenovo\.m2\repository\org\bouncycastle\bcpkix-jdk15on\1.64\bcpkix-jdk15on-1.64.jar;C:\Users\Lenovo\.m2\repository\org\bouncycastle\bcprov-jdk15on\1.64\bcprov-jdk15on-1.64.jar;C:\Users\Lenovo\.m2\repository\org\slf4j\jcl-over-slf4j\1.7.30\jcl-over-slf4j-1.7.30.jar;C:\Users\Lenovo\.m2\repository\com\github\docker-java\docker-java-transport-httpclient5\3.3.0\docker-java-transport-httpclient5-3.3.0.jar;C:\Users\Lenovo\.m2\repository\com\github\docker-java\docker-java-transport\3.3.0\docker-java-transport-3.3.0.jar;C:\Users\Lenovo\.m2\repository\net\java\dev\jna\jna\5.12.1\jna-5.12.1.jar;C:\Users\Lenovo\.m2\repository\org\brotli\dec\0.1.2\dec-0.1.2.jar;C:\Users\Lenovo\.m2\repository\org\apache\commons\commons-lang3\3.12.0\commons-lang3-3.12.0.jar;C:\Users\Lenovo\.m2\repository\org\apache\httpcomponents\client5\httpclient5\5.2.1\httpclient5-5.2.1.jar;C:\Users\Lenovo\.m2\repository\org\apache\httpcomponents\core5\httpcore5\5.2\httpcore5-5.2.jar;C:\Users\Lenovo\.m2\repository\org\apache\httpcomponents\core5\httpcore5-h2\5.2\httpcore5-h2-5.2.jar;C:\Users\Lenovo\.m2\repository\junit\junit\4.13.2\junit-4.13.2.jar;C:\Users\Lenovo\.m2\repository\org\hamcrest\hamcrest-core\1.3\hamcrest-core-1.3.jar;C:\Users\Lenovo\.m2\repository\org\testng\testng\7.7.1\testng-7.7.1.jar;C:\Users\Lenovo\.m2\repository\org\webjars\jquery\3.6.1\jquery-3.6.1.jar;C:\Users\Lenovo\.m2\repository\com\beust\jcommander\1.82\jcommander-1.82.jar;"/>
    <property name="sun.cpu.endian" value="little"/>
    <property name="user.home" value="C:\Users\Lenovo"/>
    <property name="user.language" value="en"/>
    <property name="java.specification.vendor" value="Oracle Corporation"/>
    <property name="java.version.date" value="2022-08-18"/>
    <property name="java.home" value="C:\Program Files\Java\jdk-11.0.16.1"/>
    <property name="file.separator" value="\"/>
    <property name="basedir" value="C:\Users\Lenovo\eclipse-workspace\Maven9am"/>
    <property name="java.vm.compressedOopsMode" value="32-bit"/>
    <property name="line.separator" value="&#10;"/>
    <property name="java.specification.name" value="Java Platform API Specification"/>
    <property name="java.vm.specification.vendor" value="Oracle Corporation"/>
    <property name="java.awt.graphicsenv" value="sun.awt.Win32GraphicsEnvironment"/>
    <property name="surefire.real.class.path" value="C:\Users\Lenovo\AppData\Local\Temp\surefire9671714766940313114\surefirebooter-20230627192401760_3.jar"/>
    <property name="user.script" value=""/>
    <property name="sun.management.compiler" value="HotSpot 64-Bit Tiered Compilers"/>
    <property name="java.runtime.version" value="11.0.16.1+1-LTS-1"/>
    <property name="user.name" value="Lenovo"/>
    <property name="path.separator" value=";"/>
    <property name="os.version" value="10.0"/>
    <property name="java.runtime.name" value="Java(TM) SE Runtime Environment"/>
    <property name="file.encoding" value="Cp1252"/>
    <property name="java.vm.name" value="Java HotSpot(TM) 64-Bit Server VM"/>
    <property name="java.vendor.version" value="18.9"/>
    <property name="localRepository" value="C:\Users\Lenovo\.m2\repository"/>
    <property name="java.vendor.url.bug" value="https://bugreport.java.com/bugreport/"/>
    <property name="java.io.tmpdir" value="C:\Users\Lenovo\AppData\Local\Temp\"/>
    <property name="java.version" value="11.0.16.1"/>
    <property name="user.dir" value="C:\Users\Lenovo\eclipse-workspace\Maven9am"/>
    <property name="os.arch" value="amd64"/>
    <property name="java.vm.specification.name" value="Java Virtual Machine Specification"/>
    <property name="java.awt.printerjob" value="sun.awt.windows.WPrinterJob"/>
    <property name="sun.os.patch.level" value=""/>
    <property name="java.library.path" value="C:\Program Files\Java\jdk-11.0.16.1\bin;C:\Windows\Sun\Java\bin;C:\Windows\system32;C:\Windows;C:\oraclexe\app\oracle\product\10.2.0\server\bin;C:\Program Files\Common Files\Oracle\Java\javapath;C:\Users\Lenovo\Downloads\apache-maven-3.8.7-bin\apache-maven-3.8.7\bin;C:\Program Files\nodejs\;c:\Program Files (x86)\Intel\Intel(R) Management Engine Components\DAL;c:\Program Files\Intel\Intel(R) Management Engine Components\DAL;C:\Program Files\Java\jdk-11.0.16.1\bin;C:\Program Files\Git\cmd;C:\Users\Lenovo\AppData\Local\Programs\Python\Python311;C:\Users\Lenovo\AppData\Local\Programs\Python\Python311\Scripts;C:\Users\Lenovo\AppData\Local\Microsoft\WindowsApps;C:\Users\Lenovo\AppData\Local\Programs\Microsoft VS Code\bin;C:\Users\Lenovo\AppData\Roaming\npm;."/>
    <property name="java.vendor" value="Oracle Corporation"/>
    <property name="java.vm.info" value="mixed mode"/>
    <property name="java.vm.version" value="11.0.16.1+1-LTS-1"/>
    <property name="sun.io.unicode.encoding" value="UnicodeLittle"/>
    <property name="java.class.version" value="55.0"/>
  </properties>
  <testcase name="tc1" classname="org.testngpractice.Sample" time="12.599">
    <failure message="stale element reference: stale element not found&#10;  (Session info: chrome=114.0.5735.198)&#10;For documentation on this error, please visit: https://selenium.dev/exceptions/#stale_element_reference&#10;Build info: version: &apos;4.8.1&apos;, revision: &apos;8ebccac989&apos;&#10;System info: os.name: &apos;Windows 10&apos;, os.arch: &apos;amd64&apos;, os.version: &apos;10.0&apos;, java.version: &apos;11.0.16.1&apos;&#10;Driver info: org.openqa.selenium.chrome.ChromeDriver&#10;Command: [c544dc64adb88ae4ae12f438489d93a0, getElementText {id=05AD2398D76764DEB6DD41ABFAEE26FC_element_217}]&#10;Capabilities {acceptInsecureCerts: false, browserName: chrome, browserVersion: 114.0.5735.198, chrome: {chromedriverVersion: 114.0.5735.90 (386bc09e8f4f..., userDataDir: C:\Users\Lenovo\AppData\Loc...}, goog:chromeOptions: {debuggerAddress: localhost:55320}, networkConnectionEnabled: false, pageLoadStrategy: normal, platformName: WINDOWS, proxy: Proxy(), se:cdp: ws://localhost:55320/devtoo..., se:cdpVersion: 114.0.5735.198, setWindowRect: true, strictFileInteractability: false, timeouts: {implicit: 0, pageLoad: 300000, script: 30000}, unhandledPromptBehavior: dismiss and notify, webauthn:extension:credBlob: true, webauthn:extension:largeBlob: true, webauthn:extension:minPinLength: true, webauthn:extension:prf: true, webauthn:virtualAuthenticators: true}&#10;Element: [[ChromeDriver: chrome on WINDOWS (c544dc64adb88ae4ae12f438489d93a0)] -&gt; xpath: //div[@class=&apos;sc-AxjAm fzFgoJ&apos;]]&#10;Session ID: c544dc64adb88ae4ae12f438489d93a0" type="org.openqa.selenium.StaleElementReferenceException"><![CDATA[org.openqa.selenium.StaleElementReferenceException: 
stale element reference: stale element not found
  (Session info: chrome=114.0.5735.198)
For documentation on this error, please visit: https://selenium.dev/exceptions/#stale_element_reference
Build info: version: '4.8.1', revision: '8ebccac989'
System info: os.name: 'Windows 10', os.arch: 'amd64', os.version: '10.0', java.version: '11.0.16.1'
Driver info: org.openqa.selenium.chrome.ChromeDriver
Command: [c544dc64adb88ae4ae12f438489d93a0, getElementText {id=05AD2398D76764DEB6DD41ABFAEE26FC_element_217}]
Capabilities {acceptInsecureCerts: false, browserName: chrome, browserVersion: 114.0.5735.198, chrome: {chromedriverVersion: 114.0.5735.90 (386bc09e8f4f..., userDataDir: C:\Users\Lenovo\AppData\Loc...}, goog:chromeOptions: {debuggerAddress: localhost:55320}, networkConnectionEnabled: false, pageLoadStrategy: normal, platformName: WINDOWS, proxy: Proxy(), se:cdp: ws://localhost:55320/devtoo..., se:cdpVersion: 114.0.5735.198, setWindowRect: true, strictFileInteractability: false, timeouts: {implicit: 0, pageLoad: 300000, script: 30000}, unhandledPromptBehavior: dismiss and notify, webauthn:extension:credBlob: true, webauthn:extension:largeBlob: true, webauthn:extension:minPinLength: true, webauthn:extension:prf: true, webauthn:virtualAuthenticators: true}
Element: [[ChromeDriver: chrome on WINDOWS (c544dc64adb88ae4ae12f438489d93a0)] -> xpath: //div[@class='sc-AxjAm fzFgoJ']]
Session ID: c544dc64adb88ae4ae12f438489d93a0
	at java.base/jdk.internal.reflect.NativeConstructorAccessorImpl.newInstance0(Native Method)
	at java.base/jdk.internal.reflect.NativeConstructorAccessorImpl.newInstance(NativeConstructorAccessorImpl.java:62)
	at java.base/jdk.internal.reflect.DelegatingConstructorAccessorImpl.newInstance(DelegatingConstructorAccessorImpl.java:45)
	at java.base/java.lang.reflect.Constructor.newInstance(Constructor.java:490)
	at org.openqa.selenium.remote.codec.w3c.W3CHttpResponseCodec.createException(W3CHttpResponseCodec.java:200)
	at org.openqa.selenium.remote.codec.w3c.W3CHttpResponseCodec.decode(W3CHttpResponseCodec.java:133)
	at org.openqa.selenium.remote.codec.w3c.W3CHttpResponseCodec.decode(W3CHttpResponseCodec.java:53)
	at org.openqa.selenium.remote.HttpCommandExecutor.execute(HttpCommandExecutor.java:184)
	at org.openqa.selenium.remote.service.DriverCommandExecutor.invokeExecute(DriverCommandExecutor.java:167)
	at org.openqa.selenium.remote.service.DriverCommandExecutor.execute(DriverCommandExecutor.java:142)
	at org.openqa.selenium.remote.RemoteWebDriver.execute(RemoteWebDriver.java:543)
	at org.openqa.selenium.remote.RemoteWebElement.execute(RemoteWebElement.java:257)
	at org.openqa.selenium.remote.RemoteWebElement.getText(RemoteWebElement.java:207)
	at org.testngpractice.Sample.tc1(Sample.java:35)
	at java.base/jdk.internal.reflect.NativeMethodAccessorImpl.invoke0(Native Method)
	at java.base/jdk.internal.reflect.NativeMethodAccessorImpl.invoke(NativeMethodAccessorImpl.java:62)
	at java.base/jdk.internal.reflect.DelegatingMethodAccessorImpl.invoke(DelegatingMethodAccessorImpl.java:43)
	at java.base/java.lang.reflect.Method.invoke(Method.java:566)
	at org.testng.internal.invokers.MethodInvocationHelper.invokeMethod(MethodInvocationHelper.java:139)
	at org.testng.internal.invokers.TestInvoker.invokeMethod(TestInvoker.java:677)
	at org.testng.internal.invokers.TestInvoker.invokeTestMethod(TestInvoker.java:221)
	at org.testng.internal.invokers.MethodRunner.runInSequence(MethodRunner.java:50)
	at org.testng.internal.invokers.TestInvoker$MethodInvocationAgent.invoke(TestInvoker.java:969)
	at org.testng.internal.invokers.TestInvoker.invokeTestMethods(TestInvoker.java:194)
	at org.testng.internal.invokers.TestMethodWorker.invokeTestMethods(TestMethodWorker.java:148)
	at org.testng.internal.invokers.TestMethodWorker.run(TestMethodWorker.java:128)
	at java.base/java.util.concurrent.ThreadPoolExecutor.runWorker(ThreadPoolExecutor.java:1128)
	at java.base/java.util.concurrent.ThreadPoolExecutor$Worker.run(ThreadPoolExecutor.java:628)
	at java.base/java.lang.Thread.run(Thread.java:834)
]]></failure>
    <system-out><![CDATA[[[[ChromeDriver: chrome on WINDOWS (c544dc64adb88ae4ae12f438489d93a0)] -> xpath: (//*[local-name()='svg'])[30]//*[name()='rect']], [[ChromeDriver: chrome on WINDOWS (c544dc64adb88ae4ae12f438489d93a0)] -> xpath: (//*[local-name()='svg'])[30]//*[name()='rect']], [[ChromeDriver: chrome on WINDOWS (c544dc64adb88ae4ae12f438489d93a0)] -> xpath: (//*[local-name()='svg'])[30]//*[name()='rect']], [[ChromeDriver: chrome on WINDOWS (c544dc64adb88ae4ae12f438489d93a0)] -> xpath: (//*[local-name()='svg'])[30]//*[name()='rect']], [[ChromeDriver: chrome on WINDOWS (c544dc64adb88ae4ae12f438489d93a0)] -> xpath: (//*[local-name()='svg'])[30]//*[name()='rect']], [[ChromeDriver: chrome on WINDOWS (c544dc64adb88ae4ae12f438489d93a0)] -> xpath: (//*[local-name()='svg'])[30]//*[name()='rect']], [[ChromeDriver: chrome on WINDOWS (c544dc64adb88ae4ae12f438489d93a0)] -> xpath: (//*[local-name()='svg'])[30]//*[name()='rect']], [[ChromeDriver: chrome on WINDOWS (c544dc64adb88ae4ae12f438489d93a0)] -> xpath: (//*[local-name()='svg'])[30]//*[name()='rect']], [[ChromeDriver: chrome on WINDOWS (c544dc64adb88ae4ae12f438489d93a0)] -> xpath: (//*[local-name()='svg'])[30]//*[name()='rect']], [[ChromeDriver: chrome on WINDOWS (c544dc64adb88ae4ae12f438489d93a0)] -> xpath: (//*[local-name()='svg'])[30]//*[name()='rect']], [[ChromeDriver: chrome on WINDOWS (c544dc64adb88ae4ae12f438489d93a0)] -> xpath: (//*[local-name()='svg'])[30]//*[name()='rect']], [[ChromeDriver: chrome on WINDOWS (c544dc64adb88ae4ae12f438489d93a0)] -> xpath: (//*[local-name()='svg'])[30]//*[name()='rect']], [[ChromeDriver: chrome on WINDOWS (c544dc64adb88ae4ae12f438489d93a0)] -> xpath: (//*[local-name()='svg'])[30]//*[name()='rect']], [[ChromeDriver: chrome on WINDOWS (c544dc64adb88ae4ae12f438489d93a0)] -> xpath: (//*[local-name()='svg'])[30]//*[name()='rect']], [[ChromeDriver: chrome on WINDOWS (c544dc64adb88ae4ae12f438489d93a0)] -> xpath: (//*[local-name()='svg'])[30]//*[name()='rect']], [[ChromeDriver: chrome on WINDOWS (c544dc64adb88ae4ae12f438489d93a0)] -> xpath: (//*[local-name()='svg'])[30]//*[name()='rect']], [[ChromeDriver: chrome on WINDOWS (c544dc64adb88ae4ae12f438489d93a0)] -> xpath: (//*[local-name()='svg'])[30]//*[name()='rect']], [[ChromeDriver: chrome on WINDOWS (c544dc64adb88ae4ae12f438489d93a0)] -> xpath: (//*[local-name()='svg'])[30]//*[name()='rect']], [[ChromeDriver: chrome on WINDOWS (c544dc64adb88ae4ae12f438489d93a0)] -> xpath: (//*[local-name()='svg'])[30]//*[name()='rect']], [[ChromeDriver: chrome on WINDOWS (c544dc64adb88ae4ae12f438489d93a0)] -> xpath: (//*[local-name()='svg'])[30]//*[name()='rect']], [[ChromeDriver: chrome on WINDOWS (c544dc64adb88ae4ae12f438489d93a0)] -> xpath: (//*[local-name()='svg'])[30]//*[name()='rect']], [[ChromeDriver: chrome on WINDOWS (c544dc64adb88ae4ae12f438489d93a0)] -> xpath: (//*[local-name()='svg'])[30]//*[name()='rect']], [[ChromeDriver: chrome on WINDOWS (c544dc64adb88ae4ae12f438489d93a0)] -> xpath: (//*[local-name()='svg'])[30]//*[name()='rect']], [[ChromeDriver: chrome on WINDOWS (c544dc64adb88ae4ae12f438489d93a0)] -> xpath: (//*[local-name()='svg'])[30]//*[name()='rect']], [[ChromeDriver: chrome on WINDOWS (c544dc64adb88ae4ae12f438489d93a0)] -> xpath: (//*[local-name()='svg'])[30]//*[name()='rect']], [[ChromeDriver: chrome on WINDOWS (c544dc64adb88ae4ae12f438489d93a0)] -> xpath: (//*[local-name()='svg'])[30]//*[name()='rect']], [[ChromeDriver: chrome on WINDOWS (c544dc64adb88ae4ae12f438489d93a0)] -> xpath: (//*[local-name()='svg'])[30]//*[name()='rect']], [[ChromeDriver: chrome on WINDOWS (c544dc64adb88ae4ae12f438489d93a0)] -> xpath: (//*[local-name()='svg'])[30]//*[name()='rect']], [[ChromeDriver: chrome on WINDOWS (c544dc64adb88ae4ae12f438489d93a0)] -> xpath: (//*[local-name()='svg'])[30]//*[name()='rect']], [[ChromeDriver: chrome on WINDOWS (c544dc64adb88ae4ae12f438489d93a0)] -> xpath: (//*[local-name()='svg'])[30]//*[name()='rect']], [[ChromeDriver: chrome on WINDOWS (c544dc64adb88ae4ae12f438489d93a0)] -> xpath: (//*[local-name()='svg'])[30]//*[name()='rect']], [[ChromeDriver: chrome on WINDOWS (c544dc64adb88ae4ae12f438489d93a0)] -> xpath: (//*[local-name()='svg'])[30]//*[name()='rect']], [[ChromeDriver: chrome on WINDOWS (c544dc64adb88ae4ae12f438489d93a0)] -> xpath: (//*[local-name()='svg'])[30]//*[name()='rect']], [[ChromeDriver: chrome on WINDOWS (c544dc64adb88ae4ae12f438489d93a0)] -> xpath: (//*[local-name()='svg'])[30]//*[name()='rect']], [[ChromeDriver: chrome on WINDOWS (c544dc64adb88ae4ae12f438489d93a0)] -> xpath: (//*[local-name()='svg'])[30]//*[name()='rect']], [[ChromeDriver: chrome on WINDOWS (c544dc64adb88ae4ae12f438489d93a0)] -> xpath: (//*[local-name()='svg'])[30]//*[name()='rect']], [[ChromeDriver: chrome on WINDOWS (c544dc64adb88ae4ae12f438489d93a0)] -> xpath: (//*[local-name()='svg'])[30]//*[name()='rect']], [[ChromeDriver: chrome on WINDOWS (c544dc64adb88ae4ae12f438489d93a0)] -> xpath: (//*[local-name()='svg'])[30]//*[name()='rect']], [[ChromeDriver: chrome on WINDOWS (c544dc64adb88ae4ae12f438489d93a0)] -> xpath: (//*[local-name()='svg'])[30]//*[name()='rect']], [[ChromeDriver: chrome on WINDOWS (c544dc64adb88ae4ae12f438489d93a0)] -> xpath: (//*[local-name()='svg'])[30]//*[name()='rect']], [[ChromeDriver: chrome on WINDOWS (c544dc64adb88ae4ae12f438489d93a0)] -> xpath: (//*[local-name()='svg'])[30]//*[name()='rect']], [[ChromeDriver: chrome on WINDOWS (c544dc64adb88ae4ae12f438489d93a0)] -> xpath: (//*[local-name()='svg'])[30]//*[name()='rect']], [[ChromeDriver: chrome on WINDOWS (c544dc64adb88ae4ae12f438489d93a0)] -> xpath: (//*[local-name()='svg'])[30]//*[name()='rect']], [[ChromeDriver: chrome on WINDOWS (c544dc64adb88ae4ae12f438489d93a0)] -> xpath: (//*[local-name()='svg'])[30]//*[name()='rect']], [[ChromeDriver: chrome on WINDOWS (c544dc64adb88ae4ae12f438489d93a0)] -> xpath: (//*[local-name()='svg'])[30]//*[name()='rect']], [[ChromeDriver: chrome on WINDOWS (c544dc64adb88ae4ae12f438489d93a0)] -> xpath: (//*[local-name()='svg'])[30]//*[name()='rect']], [[ChromeDriver: chrome on WINDOWS (c544dc64adb88ae4ae12f438489d93a0)] -> xpath: (//*[local-name()='svg'])[30]//*[name()='rect']], [[ChromeDriver: chrome on WINDOWS (c544dc64adb88ae4ae12f438489d93a0)] -> xpath: (//*[local-name()='svg'])[30]//*[name()='rect']], [[ChromeDriver: chrome on WINDOWS (c544dc64adb88ae4ae12f438489d93a0)] -> xpath: (//*[local-name()='svg'])[30]//*[name()='rect']], [[ChromeDriver: chrome on WINDOWS (c544dc64adb88ae4ae12f438489d93a0)] -> xpath: (//*[local-name()='svg'])[30]//*[name()='rect']], [[ChromeDriver: chrome on WINDOWS (c544dc64adb88ae4ae12f438489d93a0)] -> xpath: (//*[local-name()='svg'])[30]//*[name()='rect']], [[ChromeDriver: chrome on WINDOWS (c544dc64adb88ae4ae12f438489d93a0)] -> xpath: (//*[local-name()='svg'])[30]//*[name()='rect']], [[ChromeDriver: chrome on WINDOWS (c544dc64adb88ae4ae12f438489d93a0)] -> xpath: (//*[local-name()='svg'])[30]//*[name()='rect']], [[ChromeDriver: chrome on WINDOWS (c544dc64adb88ae4ae12f438489d93a0)] -> xpath: (//*[local-name()='svg'])[30]//*[name()='rect']], [[ChromeDriver: chrome on WINDOWS (c544dc64adb88ae4ae12f438489d93a0)] -> xpath: (//*[local-name()='svg'])[30]//*[name()='rect']], [[ChromeDriver: chrome on WINDOWS (c544dc64adb88ae4ae12f438489d93a0)] -> xpath: (//*[local-name()='svg'])[30]//*[name()='rect']], [[ChromeDriver: chrome on WINDOWS (c544dc64adb88ae4ae12f438489d93a0)] -> xpath: (//*[local-name()='svg'])[30]//*[name()='rect']], [[ChromeDriver: chrome on WINDOWS (c544dc64adb88ae4ae12f438489d93a0)] -> xpath: (//*[local-name()='svg'])[30]//*[name()='rect']], [[ChromeDriver: chrome on WINDOWS (c544dc64adb88ae4ae12f438489d93a0)] -> xpath: (//*[local-name()='svg'])[30]//*[name()='rect']], [[ChromeDriver: chrome on WINDOWS (c544dc64adb88ae4ae12f438489d93a0)] -> xpath: (//*[local-name()='svg'])[30]//*[name()='rect']], [[ChromeDriver: chrome on WINDOWS (c544dc64adb88ae4ae12f438489d93a0)] -> xpath: (//*[local-name()='svg'])[30]//*[name()='rect']], [[ChromeDriver: chrome on WINDOWS (c544dc64adb88ae4ae12f438489d93a0)] -> xpath: (//*[local-name()='svg'])[30]//*[name()='rect']], [[ChromeDriver: chrome on WINDOWS (c544dc64adb88ae4ae12f438489d93a0)] -> xpath: (//*[local-name()='svg'])[30]//*[name()='rect']], [[ChromeDriver: chrome on WINDOWS (c544dc64adb88ae4ae12f438489d93a0)] -> xpath: (//*[local-name()='svg'])[30]//*[name()='rect']], [[ChromeDriver: chrome on WINDOWS (c544dc64adb88ae4ae12f438489d93a0)] -> xpath: (//*[local-name()='svg'])[30]//*[name()='rect']], [[ChromeDriver: chrome on WINDOWS (c544dc64adb88ae4ae12f438489d93a0)] -> xpath: (//*[local-name()='svg'])[30]//*[name()='rect']], [[ChromeDriver: chrome on WINDOWS (c544dc64adb88ae4ae12f438489d93a0)] -> xpath: (//*[local-name()='svg'])[30]//*[name()='rect']], [[ChromeDriver: chrome on WINDOWS (c544dc64adb88ae4ae12f438489d93a0)] -> xpath: (//*[local-name()='svg'])[30]//*[name()='rect']], [[ChromeDriver: chrome on WINDOWS (c544dc64adb88ae4ae12f438489d93a0)] -> xpath: (//*[local-name()='svg'])[30]//*[name()='rect']], [[ChromeDriver: chrome on WINDOWS (c544dc64adb88ae4ae12f438489d93a0)] -> xpath: (//*[local-name()='svg'])[30]//*[name()='rect']], [[ChromeDriver: chrome on WINDOWS (c544dc64adb88ae4ae12f438489d93a0)] -> xpath: (//*[local-name()='svg'])[30]//*[name()='rect']], [[ChromeDriver: chrome on WINDOWS (c544dc64adb88ae4ae12f438489d93a0)] -> xpath: (//*[local-name()='svg'])[30]//*[name()='rect']], [[ChromeDriver: chrome on WINDOWS (c544dc64adb88ae4ae12f438489d93a0)] -> xpath: (//*[local-name()='svg'])[30]//*[name()='rect']], [[ChromeDriver: chrome on WINDOWS (c544dc64adb88ae4ae12f438489d93a0)] -> xpath: (//*[local-name()='svg'])[30]//*[name()='rect']], [[ChromeDriver: chrome on WINDOWS (c544dc64adb88ae4ae12f438489d93a0)] -> xpath: (//*[local-name()='svg'])[30]//*[name()='rect']], [[ChromeDriver: chrome on WINDOWS (c544dc64adb88ae4ae12f438489d93a0)] -> xpath: (//*[local-name()='svg'])[30]//*[name()='rect']], [[ChromeDriver: chrome on WINDOWS (c544dc64adb88ae4ae12f438489d93a0)] -> xpath: (//*[local-name()='svg'])[30]//*[name()='rect']], [[ChromeDriver: chrome on WINDOWS (c544dc64adb88ae4ae12f438489d93a0)] -> xpath: (//*[local-name()='svg'])[30]//*[name()='rect']], [[ChromeDriver: chrome on WINDOWS (c544dc64adb88ae4ae12f438489d93a0)] -> xpath: (//*[local-name()='svg'])[30]//*[name()='rect']], [[ChromeDriver: chrome on WINDOWS (c544dc64adb88ae4ae12f438489d93a0)] -> xpath: (//*[local-name()='svg'])[30]//*[name()='rect']], [[ChromeDriver: chrome on WINDOWS (c544dc64adb88ae4ae12f438489d93a0)] -> xpath: (//*[local-name()='svg'])[30]//*[name()='rect']], [[ChromeDriver: chrome on WINDOWS (c544dc64adb88ae4ae12f438489d93a0)] -> xpath: (//*[local-name()='svg'])[30]//*[name()='rect']], [[ChromeDriver: chrome on WINDOWS (c544dc64adb88ae4ae12f438489d93a0)] -> xpath: (//*[local-name()='svg'])[30]//*[name()='rect']], [[ChromeDriver: chrome on WINDOWS (c544dc64adb88ae4ae12f438489d93a0)] -> xpath: (//*[local-name()='svg'])[30]//*[name()='rect']], [[ChromeDriver: chrome on WINDOWS (c544dc64adb88ae4ae12f438489d93a0)] -> xpath: (//*[local-name()='svg'])[30]//*[name()='rect']], [[ChromeDriver: chrome on WINDOWS (c544dc64adb88ae4ae12f438489d93a0)] -> xpath: (//*[local-name()='svg'])[30]//*[name()='rect']], [[ChromeDriver: chrome on WINDOWS (c544dc64adb88ae4ae12f438489d93a0)] -> xpath: (//*[local-name()='svg'])[30]//*[name()='rect']], [[ChromeDriver: chrome on WINDOWS (c544dc64adb88ae4ae12f438489d93a0)] -> xpath: (//*[local-name()='svg'])[30]//*[name()='rect']], [[ChromeDriver: chrome on WINDOWS (c544dc64adb88ae4ae12f438489d93a0)] -> xpath: (//*[local-name()='svg'])[30]//*[name()='rect']], [[ChromeDriver: chrome on WINDOWS (c544dc64adb88ae4ae12f438489d93a0)] -> xpath: (//*[local-name()='svg'])[30]//*[name()='rect']], [[ChromeDriver: chrome on WINDOWS (c544dc64adb88ae4ae12f438489d93a0)] -> xpath: (//*[local-name()='svg'])[30]//*[name()='rect']], [[ChromeDriver: chrome on WINDOWS (c544dc64adb88ae4ae12f438489d93a0)] -> xpath: (//*[local-name()='svg'])[30]//*[name()='rect']], [[ChromeDriver: chrome on WINDOWS (c544dc64adb88ae4ae12f438489d93a0)] -> xpath: (//*[local-name()='svg'])[30]//*[name()='rect']], [[ChromeDriver: chrome on WINDOWS (c544dc64adb88ae4ae12f438489d93a0)] -> xpath: (//*[local-name()='svg'])[30]//*[name()='rect']], [[ChromeDriver: chrome on WINDOWS (c544dc64adb88ae4ae12f438489d93a0)] -> xpath: (//*[local-name()='svg'])[30]//*[name()='rect']], [[ChromeDriver: chrome on WINDOWS (c544dc64adb88ae4ae12f438489d93a0)] -> xpath: (//*[local-name()='svg'])[30]//*[name()='rect']], [[ChromeDriver: chrome on WINDOWS (c544dc64adb88ae4ae12f438489d93a0)] -> xpath: (//*[local-name()='svg'])[30]//*[name()='rect']], [[ChromeDriver: chrome on WINDOWS (c544dc64adb88ae4ae12f438489d93a0)] -> xpath: (//*[local-name()='svg'])[30]//*[name()='rect']], [[ChromeDriver: chrome on WINDOWS (c544dc64adb88ae4ae12f438489d93a0)] -> xpath: (//*[local-name()='svg'])[30]//*[name()='rect']], [[ChromeDriver: chrome on WINDOWS (c544dc64adb88ae4ae12f438489d93a0)] -> xpath: (//*[local-name()='svg'])[30]//*[name()='rect']], [[ChromeDriver: chrome on WINDOWS (c544dc64adb88ae4ae12f438489d93a0)] -> xpath: (//*[local-name()='svg'])[30]//*[name()='rect']], [[ChromeDriver: chrome on WINDOWS (c544dc64adb88ae4ae12f438489d93a0)] -> xpath: (//*[local-name()='svg'])[30]//*[name()='rect']], [[ChromeDriver: chrome on WINDOWS (c544dc64adb88ae4ae12f438489d93a0)] -> xpath: (//*[local-name()='svg'])[30]//*[name()='rect']], [[ChromeDriver: chrome on WINDOWS (c544dc64adb88ae4ae12f438489d93a0)] -> xpath: (//*[local-name()='svg'])[30]//*[name()='rect']], [[ChromeDriver: chrome on WINDOWS (c544dc64adb88ae4ae12f438489d93a0)] -> xpath: (//*[local-name()='svg'])[30]//*[name()='rect']], [[ChromeDriver: chrome on WINDOWS (c544dc64adb88ae4ae12f438489d93a0)] -> xpath: (//*[local-name()='svg'])[30]//*[name()='rect']], [[ChromeDriver: chrome on WINDOWS (c544dc64adb88ae4ae12f438489d93a0)] -> xpath: (//*[local-name()='svg'])[30]//*[name()='rect']], [[ChromeDriver: chrome on WINDOWS (c544dc64adb88ae4ae12f438489d93a0)] -> xpath: (//*[local-name()='svg'])[30]//*[name()='rect']], [[ChromeDriver: chrome on WINDOWS (c544dc64adb88ae4ae12f438489d93a0)] -> xpath: (//*[local-name()='svg'])[30]//*[name()='rect']], [[ChromeDriver: chrome on WINDOWS (c544dc64adb88ae4ae12f438489d93a0)] -> xpath: (//*[local-name()='svg'])[30]//*[name()='rect']], [[ChromeDriver: chrome on WINDOWS (c544dc64adb88ae4ae12f438489d93a0)] -> xpath: (//*[local-name()='svg'])[30]//*[name()='rect']], [[ChromeDriver: chrome on WINDOWS (c544dc64adb88ae4ae12f438489d93a0)] -> xpath: (//*[local-name()='svg'])[30]//*[name()='rect']], [[ChromeDriver: chrome on WINDOWS (c544dc64adb88ae4ae12f438489d93a0)] -> xpath: (//*[local-name()='svg'])[30]//*[name()='rect']], [[ChromeDriver: chrome on WINDOWS (c544dc64adb88ae4ae12f438489d93a0)] -> xpath: (//*[local-name()='svg'])[30]//*[name()='rect']], [[ChromeDriver: chrome on WINDOWS (c544dc64adb88ae4ae12f438489d93a0)] -> xpath: (//*[local-name()='svg'])[30]//*[name()='rect']], [[ChromeDriver: chrome on WINDOWS (c544dc64adb88ae4ae12f438489d93a0)] -> xpath: (//*[local-name()='svg'])[30]//*[name()='rect']], [[ChromeDriver: chrome on WINDOWS (c544dc64adb88ae4ae12f438489d93a0)] -> xpath: (//*[local-name()='svg'])[30]//*[name()='rect']], [[ChromeDriver: chrome on WINDOWS (c544dc64adb88ae4ae12f438489d93a0)] -> xpath: (//*[local-name()='svg'])[30]//*[name()='rect']], [[ChromeDriver: chrome on WINDOWS (c544dc64adb88ae4ae12f438489d93a0)] -> xpath: (//*[local-name()='svg'])[30]//*[name()='rect']], [[ChromeDriver: chrome on WINDOWS (c544dc64adb88ae4ae12f438489d93a0)] -> xpath: (//*[local-name()='svg'])[30]//*[name()='rect']], [[ChromeDriver: chrome on WINDOWS (c544dc64adb88ae4ae12f438489d93a0)] -> xpath: (//*[local-name()='svg'])[30]//*[name()='rect']], [[ChromeDriver: chrome on WINDOWS (c544dc64adb88ae4ae12f438489d93a0)] -> xpath: (//*[local-name()='svg'])[30]//*[name()='rect']], [[ChromeDriver: chrome on WINDOWS (c544dc64adb88ae4ae12f438489d93a0)] -> xpath: (//*[local-name()='svg'])[30]//*[name()='rect']], [[ChromeDriver: chrome on WINDOWS (c544dc64adb88ae4ae12f438489d93a0)] -> xpath: (//*[local-name()='svg'])[30]//*[name()='rect']], [[ChromeDriver: chrome on WINDOWS (c544dc64adb88ae4ae12f438489d93a0)] -> xpath: (//*[local-name()='svg'])[30]//*[name()='rect']], [[ChromeDriver: chrome on WINDOWS (c544dc64adb88ae4ae12f438489d93a0)] -> xpath: (//*[local-name()='svg'])[30]//*[name()='rect']], [[ChromeDriver: chrome on WINDOWS (c544dc64adb88ae4ae12f438489d93a0)] -> xpath: (//*[local-name()='svg'])[30]//*[name()='rect']], [[ChromeDriver: chrome on WINDOWS (c544dc64adb88ae4ae12f438489d93a0)] -> xpath: (//*[local-name()='svg'])[30]//*[name()='rect']], [[ChromeDriver: chrome on WINDOWS (c544dc64adb88ae4ae12f438489d93a0)] -> xpath: (//*[local-name()='svg'])[30]//*[name()='rect']], [[ChromeDriver: chrome on WINDOWS (c544dc64adb88ae4ae12f438489d93a0)] -> xpath: (//*[local-name()='svg'])[30]//*[name()='rect']], [[ChromeDriver: chrome on WINDOWS (c544dc64adb88ae4ae12f438489d93a0)] -> xpath: (//*[local-name()='svg'])[30]//*[name()='rect']], [[ChromeDriver: chrome on WINDOWS (c544dc64adb88ae4ae12f438489d93a0)] -> xpath: (//*[local-name()='svg'])[30]//*[name()='rect']], [[ChromeDriver: chrome on WINDOWS (c544dc64adb88ae4ae12f438489d93a0)] -> xpath: (//*[local-name()='svg'])[30]//*[name()='rect']], [[ChromeDriver: chrome on WINDOWS (c544dc64adb88ae4ae12f438489d93a0)] -> xpath: (//*[local-name()='svg'])[30]//*[name()='rect']], [[ChromeDriver: chrome on WINDOWS (c544dc64adb88ae4ae12f438489d93a0)] -> xpath: (//*[local-name()='svg'])[30]//*[name()='rect']], [[ChromeDriver: chrome on WINDOWS (c544dc64adb88ae4ae12f438489d93a0)] -> xpath: (//*[local-name()='svg'])[30]//*[name()='rect']], [[ChromeDriver: chrome on WINDOWS (c544dc64adb88ae4ae12f438489d93a0)] -> xpath: (//*[local-name()='svg'])[30]//*[name()='rect']], [[ChromeDriver: chrome on WINDOWS (c544dc64adb88ae4ae12f438489d93a0)] -> xpath: (//*[local-name()='svg'])[30]//*[name()='rect']], [[ChromeDriver: chrome on WINDOWS (c544dc64adb88ae4ae12f438489d93a0)] -> xpath: (//*[local-name()='svg'])[30]//*[name()='rect']], [[ChromeDriver: chrome on WINDOWS (c544dc64adb88ae4ae12f438489d93a0)] -> xpath: (//*[local-name()='svg'])[30]//*[name()='rect']], [[ChromeDriver: chrome on WINDOWS (c544dc64adb88ae4ae12f438489d93a0)] -> xpath: (//*[local-name()='svg'])[30]//*[name()='rect']], [[ChromeDriver: chrome on WINDOWS (c544dc64adb88ae4ae12f438489d93a0)] -> xpath: (//*[local-name()='svg'])[30]//*[name()='rect']], [[ChromeDriver: chrome on WINDOWS (c544dc64adb88ae4ae12f438489d93a0)] -> xpath: (//*[local-name()='svg'])[30]//*[name()='rect']], [[ChromeDriver: chrome on WINDOWS (c544dc64adb88ae4ae12f438489d93a0)] -> xpath: (//*[local-name()='svg'])[30]//*[name()='rect']], [[ChromeDriver: chrome on WINDOWS (c544dc64adb88ae4ae12f438489d93a0)] -> xpath: (//*[local-name()='svg'])[30]//*[name()='rect']], [[ChromeDriver: chrome on WINDOWS (c544dc64adb88ae4ae12f438489d93a0)] -> xpath: (//*[local-name()='svg'])[30]//*[name()='rect']], [[ChromeDriver: chrome on WINDOWS (c544dc64adb88ae4ae12f438489d93a0)] -> xpath: (//*[local-name()='svg'])[30]//*[name()='rect']], [[ChromeDriver: chrome on WINDOWS (c544dc64adb88ae4ae12f438489d93a0)] -> xpath: (//*[local-name()='svg'])[30]//*[name()='rect']], [[ChromeDriver: chrome on WINDOWS (c544dc64adb88ae4ae12f438489d93a0)] -> xpath: (//*[local-name()='svg'])[30]//*[name()='rect']], [[ChromeDriver: chrome on WINDOWS (c544dc64adb88ae4ae12f438489d93a0)] -> xpath: (//*[local-name()='svg'])[30]//*[name()='rect']], [[ChromeDriver: chrome on WINDOWS (c544dc64adb88ae4ae12f438489d93a0)] -> xpath: (//*[local-name()='svg'])[30]//*[name()='rect']], [[ChromeDriver: chrome on WINDOWS (c544dc64adb88ae4ae12f438489d93a0)] -> xpath: (//*[local-name()='svg'])[30]//*[name()='rect']], [[ChromeDriver: chrome on WINDOWS (c544dc64adb88ae4ae12f438489d93a0)] -> xpath: (//*[local-name()='svg'])[30]//*[name()='rect']], [[ChromeDriver: chrome on WINDOWS (c544dc64adb88ae4ae12f438489d93a0)] -> xpath: (//*[local-name()='svg'])[30]//*[name()='rect']], [[ChromeDriver: chrome on WINDOWS (c544dc64adb88ae4ae12f438489d93a0)] -> xpath: (//*[local-name()='svg'])[30]//*[name()='rect']], [[ChromeDriver: chrome on WINDOWS (c544dc64adb88ae4ae12f438489d93a0)] -> xpath: (//*[local-name()='svg'])[30]//*[name()='rect']], [[ChromeDriver: chrome on WINDOWS (c544dc64adb88ae4ae12f438489d93a0)] -> xpath: (//*[local-name()='svg'])[30]//*[name()='rect']], [[ChromeDriver: chrome on WINDOWS (c544dc64adb88ae4ae12f438489d93a0)] -> xpath: (//*[local-name()='svg'])[30]//*[name()='rect']], [[ChromeDriver: chrome on WINDOWS (c544dc64adb88ae4ae12f438489d93a0)] -> xpath: (//*[local-name()='svg'])[30]//*[name()='rect']], [[ChromeDriver: chrome on WINDOWS (c544dc64adb88ae4ae12f438489d93a0)] -> xpath: (//*[local-name()='svg'])[30]//*[name()='rect']], [[ChromeDriver: chrome on WINDOWS (c544dc64adb88ae4ae12f438489d93a0)] -> xpath: (//*[local-name()='svg'])[30]//*[name()='rect']], [[ChromeDriver: chrome on WINDOWS (c544dc64adb88ae4ae12f438489d93a0)] -> xpath: (//*[local-name()='svg'])[30]//*[name()='rect']], [[ChromeDriver: chrome on WINDOWS (c544dc64adb88ae4ae12f438489d93a0)] -> xpath: (//*[local-name()='svg'])[30]//*[name()='rect']], [[ChromeDriver: chrome on WINDOWS (c544dc64adb88ae4ae12f438489d93a0)] -> xpath: (//*[local-name()='svg'])[30]//*[name()='rect']], [[ChromeDriver: chrome on WINDOWS (c544dc64adb88ae4ae12f438489d93a0)] -> xpath: (//*[local-name()='svg'])[30]//*[name()='rect']], [[ChromeDriver: chrome on WINDOWS (c544dc64adb88ae4ae12f438489d93a0)] -> xpath: (//*[local-name()='svg'])[30]//*[name()='rect']], [[ChromeDriver: chrome on WINDOWS (c544dc64adb88ae4ae12f438489d93a0)] -> xpath: (//*[local-name()='svg'])[30]//*[name()='rect']], [[ChromeDriver: chrome on WINDOWS (c544dc64adb88ae4ae12f438489d93a0)] -> xpath: (//*[local-name()='svg'])[30]//*[name()='rect']], [[ChromeDriver: chrome on WINDOWS (c544dc64adb88ae4ae12f438489d93a0)] -> xpath: (//*[local-name()='svg'])[30]//*[name()='rect']], [[ChromeDriver: chrome on WINDOWS (c544dc64adb88ae4ae12f438489d93a0)] -> xpath: (//*[local-name()='svg'])[30]//*[name()='rect']], [[ChromeDriver: chrome on WINDOWS (c544dc64adb88ae4ae12f438489d93a0)] -> xpath: (//*[local-name()='svg'])[30]//*[name()='rect']], [[ChromeDriver: chrome on WINDOWS (c544dc64adb88ae4ae12f438489d93a0)] -> xpath: (//*[local-name()='svg'])[30]//*[name()='rect']], [[ChromeDriver: chrome on WINDOWS (c544dc64adb88ae4ae12f438489d93a0)] -> xpath: (//*[local-name()='svg'])[30]//*[name()='rect']], [[ChromeDriver: chrome on WINDOWS (c544dc64adb88ae4ae12f438489d93a0)] -> xpath: (//*[local-name()='svg'])[30]//*[name()='rect']], [[ChromeDriver: chrome on WINDOWS (c544dc64adb88ae4ae12f438489d93a0)] -> xpath: (//*[local-name()='svg'])[30]//*[name()='rect']], [[ChromeDriver: chrome on WINDOWS (c544dc64adb88ae4ae12f438489d93a0)] -> xpath: (//*[local-name()='svg'])[30]//*[name()='rect']], [[ChromeDriver: chrome on WINDOWS (c544dc64adb88ae4ae12f438489d93a0)] -> xpath: (//*[local-name()='svg'])[30]//*[name()='rect']], [[ChromeDriver: chrome on WINDOWS (c544dc64adb88ae4ae12f438489d93a0)] -> xpath: (//*[local-name()='svg'])[30]//*[name()='rect']], [[ChromeDriver: chrome on WINDOWS (c544dc64adb88ae4ae12f438489d93a0)] -> xpath: (//*[local-name()='svg'])[30]//*[name()='rect']], [[ChromeDriver: chrome on WINDOWS (c544dc64adb88ae4ae12f438489d93a0)] -> xpath: (//*[local-name()='svg'])[30]//*[name()='rect']], [[ChromeDriver: chrome on WINDOWS (c544dc64adb88ae4ae12f438489d93a0)] -> xpath: (//*[local-name()='svg'])[30]//*[name()='rect']], [[ChromeDriver: chrome on WINDOWS (c544dc64adb88ae4ae12f438489d93a0)] -> xpath: (//*[local-name()='svg'])[30]//*[name()='rect']], [[ChromeDriver: chrome on WINDOWS (c544dc64adb88ae4ae12f438489d93a0)] -> xpath: (//*[local-name()='svg'])[30]//*[name()='rect']], [[ChromeDriver: chrome on WINDOWS (c544dc64adb88ae4ae12f438489d93a0)] -> xpath: (//*[local-name()='svg'])[30]//*[name()='rect']]]
December 30, 2019
0
Confirmed Cases
January 6, 2020
0
Confirmed Cases
January 13, 2020
0
Confirmed Cases
January 20, 2020
0
Confirmed Cases
January 27, 2020
2
Confirmed Cases
2
Weekly Increase
100%
Weekly Change
January 27, 2020
2
Confirmed Cases
2
Weekly Increase
100%
Weekly Change
]]></system-out>
    <system-err><![CDATA[SLF4J: No SLF4J providers were found.
SLF4J: Defaulting to no-operation (NOP) logger implementation
SLF4J: See https://www.slf4j.org/codes.html#noProviders for further details.
Starting ChromeDriver 114.0.5735.90 (386bc09e8f4f2e025eddae123f36f6263096ae49-refs/branch-heads/5735@{#1052}) on port 40477
Only local connections are allowed.
Please see https://chromedriver.chromium.org/security-considerations for suggestions on keeping ChromeDriver safe.
ChromeDriver was started successfully.
Jun 27, 2023 7:24:08 PM org.openqa.selenium.devtools.CdpVersionFinder findNearestMatch
WARNING: Unable to find an exact match for CDP version 114, so returning the closest version found: 110
]]></system-err>
  </testcase>
</testsuite>