<?xml version="1.0" encoding="UTF-8"?>
<!-- Generated by org.testng.reporters.JUnitReportReporter -->
<testsuite hostname="DESKTOP-9B2JCSO" failures="0" tests="1" name="org.testngpractice.Sample" time="78.673" errors="0" timestamp="2023-06-22T16:02:14 IST" skipped="0">
  <testcase classname="org.testngpractice.Sample" name="tc1" time="78.673"/>
  <system-out/>
</testsuite> <!-- org.testngpractice.Sample -->
