<?xml version="1.0" encoding="UTF-8"?>
<!-- Generated by org.testng.reporters.JUnitReportReporter -->
<testsuite hostname="DESKTOP-9B2JCSO" failures="0" tests="1" name="org.testngpractice.TestCases" time="16.774" errors="0" timestamp="2023-05-29T09:39:02 IST" skipped="0">
  <testcase classname="org.testngpractice.TestCases" name="tc1" time="16.774"/>
  <system-out/>
</testsuite> <!-- org.testngpractice.TestCases -->
