<?xml version="1.0" encoding="UTF-8"?>
<!-- Generated by org.testng.reporters.JUnitReportReporter -->
<testsuite hostname="DESKTOP-9B2JCSO" failures="0" tests="2" name="org.testngpractice.TestSample" time="18.361" errors="0" timestamp="2023-05-29T09:39:02 IST" skipped="1">
  <testcase classname="org.testngpractice.TestSample" name="tc2" time="11.150"/>
  <system-out/>
  <testcase classname="org.testngpractice.TestSample" name="tc2" time="7.211">
    <skipped/>
  </testcase> <!-- tc2 -->
  <system-out/>
</testsuite> <!-- org.testngpractice.TestSample -->
